Arguments: 
  /usr/bin/node /usr/bin/yarn add @babel/core @babel/cli @babel/preset-env @babel/preset-typescript @babel/preset-minify -D

PATH: 
  /home/arthur/.zinit/polaris/sbin:/home/arthur/.zinit/polaris/bin:/home/arthur/.cargo/bin:/usr/local/sbin:/usr/local/bin:/usr/sbin:/usr/bin:/sbin:/bin:/usr/games:/usr/local/games:/snap/bin:/home/arthur/android/SDK/emulator:/home/arthur/android/SDK/tools:/home/arthur/android/SDK/tools/bin:/home/arthur/android/SDK/platform-tools:/home/arthur/android/android-studio/bin:/home/arthur/.deno/bin:/home/arthur/android/SDK/emulator:/home/arthur/android/SDK/tools:/home/arthur/android/SDK/tools/bin:/home/arthur/android/SDK/platform-tools:/home/arthur/android/android-studio/bin:/home/arthur/.deno/bin

Yarn version: 
  1.22.4

Node version: 
  12.19.0

Platform: 
  linux x64

Trace: 
  Error: https://registry.yarnpkg.com/@babel%2fpreset-minify: Not found
      at Request.params.callback [as _callback] (/usr/lib/node_modules/yarn/lib/cli.js:66987:18)
      at Request.self.callback (/usr/lib/node_modules/yarn/lib/cli.js:140748:22)
      at Request.emit (events.js:314:20)
      at Request.<anonymous> (/usr/lib/node_modules/yarn/lib/cli.js:141720:10)
      at Request.emit (events.js:314:20)
      at IncomingMessage.<anonymous> (/usr/lib/node_modules/yarn/lib/cli.js:141642:12)
      at Object.onceWrapper (events.js:420:28)
      at IncomingMessage.emit (events.js:326:22)
      at endReadableNT (_stream_readable.js:1223:12)
      at processTicksAndRejections (internal/process/task_queues.js:84:21)

npm manifest: 
  {
    "name": "ready-xml",
    "version": "1.0.0",
    "main": "index.js",
    "license": "MIT"
  }

yarn manifest: 
  No manifest

Lockfile: 
  No lockfile
